<?xml version="1.0" encoding="UTF-8"?>
<!-- Generated by org.testng.reporters.JUnitReportReporter -->
<testsuite hostname="Ishans-MBP" failures="0" tests="1" name="com.anagha.AllGoogleLinks" time="1.054" errors="0" timestamp="2022-04-06T17:39:04 BST" skipped="0">
  <testcase classname="com.anagha.AllGoogleLinks" name="printAllGoogleLinksWithTheirHref" time="1.054"/>
  <system-out/>
</testsuite> <!-- com.anagha.AllGoogleLinks -->
